src/app/projects/[projectId]/mindmaps/concept-3.tsx(634,3): error TS1005: '}' expected.
src/app/projects/[projectId]/mindmaps/page-concept1.tsx(493,3): error TS1005: '}' expected.
src/app/projects/create/components/ai/ai-loading.tsx(40,3): error TS1005: ',' expected.
src/app/projects/create/components/ai/ai-loading.tsx(40,9): error TS1005: ':' expected.
src/app/projects/create/components/ai/ai-loading.tsx(40,38): error TS1005: ',' expected.
src/app/projects/create/components/ai/ai-loading.tsx(43,5): error TS1003: Identifier expected.
src/app/projects/create/components/ai/ai-loading.tsx(43,10): error TS1005: ',' expected.
src/app/projects/create/components/ai/ai-loading.tsx(43,21): error TS1136: Property assignment expected.
src/app/projects/create/components/ai/ai-loading.tsx(43,117): error TS1005: ',' expected.
src/app/projects/create/components/ai/ai-loading.tsx(65,5): error TS1128: Declaration or statement expected.
src/app/projects/create/components/ai/ai-loading.tsx(66,3): error TS1109: Expression expected.
src/app/projects/create/components/ai/ai-preview.tsx(417,3): error TS1005: '}' expected.
src/app/projects/create/components/ai/smart-field-population.tsx(250,3): error TS1005: '}' expected.
src/app/projects/create/components/guided-setup.tsx(961,3): error TS1005: '}' expected.
src/app/projects/create/components/project-summary-theme-switcher-backup.tsx(55,9): error TS1005: ':' expected.
src/app/projects/create/components/project-summary-theme-switcher-backup.tsx(55,52): error TS1005: ',' expected.
src/app/projects/create/components/project-summary-theme-switcher-backup.tsx(58,5): error TS1003: Identifier expected.
src/app/projects/create/components/project-summary-theme-switcher-backup.tsx(58,9): error TS1005: ',' expected.
src/app/projects/create/components/project-summary-theme-switcher-backup.tsx(60,12): error TS1005: ',' expected.
src/app/projects/create/components/project-summary-theme-switcher-backup.tsx(61,9): error TS2657: JSX expressions must have one parent element.
src/app/projects/create/components/project-summary-theme-switcher-backup.tsx(74,7): error TS1128: Declaration or statement expected.
src/app/projects/create/components/project-summary-theme-switcher-backup.tsx(77,25): error TS1005: ';' expected.
src/app/projects/create/components/project-summary-theme-switcher-backup.tsx(77,39): error TS1005: ';' expected.
src/app/projects/create/components/project-summary-theme-switcher-backup.tsx(77,56): error TS1109: Expression expected.
src/app/projects/create/components/project-summary-theme-switcher-backup.tsx(78,5): error TS1109: Expression expected.
src/app/projects/create/components/project-summary-theme-switcher-backup.tsx(79,3): error TS1109: Expression expected.
src/app/projects/create/components/project-summary-theme-switcher-backup.tsx(153,9): error TS1005: ':' expected.
src/app/projects/create/components/project-summary-theme-switcher-backup.tsx(153,52): error TS1005: ',' expected.
src/app/projects/create/components/project-summary-theme-switcher-backup.tsx(156,5): error TS1003: Identifier expected.
src/app/projects/create/components/project-summary-theme-switcher-backup.tsx(156,9): error TS1005: ',' expected.
src/app/projects/create/components/project-summary-theme-switcher-backup.tsx(158,12): error TS1005: ',' expected.
src/app/projects/create/components/project-summary-theme-switcher-backup.tsx(195,7): error TS1128: Declaration or statement expected.
src/app/projects/create/components/project-summary-theme-switcher-backup.tsx(198,25): error TS1005: ';' expected.
src/app/projects/create/components/project-summary-theme-switcher-backup.tsx(198,39): error TS1005: ';' expected.
src/app/projects/create/components/project-summary-theme-switcher-backup.tsx(198,56): error TS1109: Expression expected.
src/app/projects/create/components/project-summary-theme-switcher-backup.tsx(199,5): error TS1109: Expression expected.
src/app/projects/create/components/project-summary-theme-switcher-backup.tsx(200,3): error TS1109: Expression expected.
src/app/projects/create/components/project-summary-variants.tsx(62,13): error TS1005: ':' expected.
src/app/projects/create/components/project-summary-variants.tsx(62,58): error TS1005: ',' expected.
src/app/projects/create/components/project-summary-variants.tsx(65,13): error TS1005: ',' expected.
src/app/projects/create/components/project-summary-variants.tsx(65,57): error TS1005: ',' expected.
src/app/projects/create/components/project-summary-variants.tsx(67,7): error TS1005: ',' expected.
src/app/projects/create/components/project-summary-variants.tsx(73,4): error TS1472: 'catch' or 'finally' expected.
src/app/projects/create/components/project-summary-variants.tsx(566,13): error TS1005: ':' expected.
src/app/projects/create/components/project-summary-variants.tsx(566,58): error TS1005: ',' expected.
src/app/projects/create/components/project-summary-variants.tsx(569,13): error TS1005: ',' expected.
src/app/projects/create/components/project-summary-variants.tsx(569,57): error TS1005: ',' expected.
src/app/projects/create/components/project-summary-variants.tsx(571,7): error TS1005: ',' expected.
src/app/projects/create/components/project-summary-variants.tsx(774,1): error TS1472: 'catch' or 'finally' expected.
src/app/projects/create/components/project-summary-variants.tsx(807,13): error TS1005: ':' expected.
src/app/projects/create/components/project-summary-variants.tsx(807,58): error TS1005: ',' expected.
src/app/projects/create/components/project-summary-variants.tsx(810,13): error TS1005: ',' expected.
src/app/projects/create/components/project-summary-variants.tsx(810,57): error TS1005: ',' expected.
src/app/projects/create/components/project-summary-variants.tsx(812,7): error TS1005: ',' expected.
src/app/projects/create/components/project-summary-variants.tsx(1062,1): error TS1472: 'catch' or 'finally' expected.
src/app/projects/create/components/project-summary-variants.tsx(1092,26): error TS1005: '}' expected.
src/app/projects/create/components/project-summary.tsx(58,13): error TS1005: ':' expected.
src/app/projects/create/components/project-summary.tsx(58,69): error TS1005: ',' expected.
src/app/projects/create/components/project-summary.tsx(61,13): error TS1005: ':' expected.
src/app/projects/create/components/project-summary.tsx(61,43): error TS1005: ',' expected.
src/app/projects/create/components/project-summary.tsx(64,11): error TS1005: ':' expected.
src/app/projects/create/components/project-summary.tsx(65,21): error TS1005: ',' expected.
src/app/projects/create/components/project-summary.tsx(65,62): error TS1005: ',' expected.
src/app/projects/create/components/project-summary.tsx(66,16): error TS1005: ',' expected.
src/app/projects/create/components/project-summary.tsx(66,84): error TS1005: ',' expected.
src/app/projects/create/components/project-summary.tsx(67,9): error TS1005: ',' expected.
src/app/projects/create/components/project-summary.tsx(72,7): error TS1005: ',' expected.
src/app/projects/create/components/project-summary.tsx(72,13): error TS1005: ',' expected.
src/app/projects/create/components/project-summary.tsx(72,57): error TS1005: ',' expected.
src/app/projects/create/components/project-summary.tsx(74,7): error TS1005: ',' expected.
src/app/projects/create/components/project-summary.tsx(474,3): error TS1005: '}' expected.
src/app/projects/create/components/steps/course-content-review-step.tsx(82,3): error TS1005: '}' expected.
src/app/projects/create/components/steps/course-content-upload-step.tsx(279,15): error TS1005: ',' expected.
src/app/projects/create/components/steps/course-content-upload-step.tsx(279,20): error TS1005: ':' expected.
src/app/projects/create/components/steps/course-content-upload-step.tsx(291,17): error TS1005: ',' expected.
src/app/projects/create/components/steps/course-content-upload-step.tsx(291,22): error TS1005: ':' expected.
src/app/projects/create/components/steps/course-content-upload-step.tsx(293,15): error TS1005: 'try' expected.
src/app/projects/create/components/steps/course-content-upload-step.tsx(298,11): error TS1472: 'catch' or 'finally' expected.
src/app/projects/create/components/steps/course-content-upload-step.tsx(300,11): error TS1005: 'try' expected.
src/app/projects/create/components/steps/course-content-upload-step.tsx(336,4): error TS1128: Declaration or statement expected.
src/app/projects/create/components/steps/course-content-upload-step.tsx(336,59): error TS1005: ';' expected.
src/app/projects/create/components/steps/course-details-step.tsx(459,3): error TS1005: '}' expected.
src/app/projects/create/components/steps/extraction-results-step.tsx(835,3): error TS1005: '}' expected.
src/app/projects/create/components/steps/file-upload-step.tsx(34,16): error TS1005: ',' expected.
src/app/projects/create/components/steps/file-upload-step.tsx(34,73): error TS1005: ',' expected.
src/app/projects/create/components/steps/file-upload-step.tsx(35,15): error TS1005: ':' expected.
src/app/projects/create/components/steps/file-upload-step.tsx(35,79): error TS1005: ',' expected.
src/app/projects/create/components/steps/file-upload-step.tsx(36,16): error TS1005: ',' expected.
src/app/projects/create/components/steps/file-upload-step.tsx(36,79): error TS1005: ',' expected.
src/app/projects/create/components/steps/file-upload-step.tsx(39,36): error TS1005: ',' expected.
src/app/projects/create/components/steps/file-upload-step.tsx(39,39): error TS1005: ',' expected.
src/app/projects/create/components/steps/file-upload-step.tsx(40,9): error TS1005: ',' expected.
src/app/projects/create/components/steps/file-upload-step.tsx(43,6): error TS1128: Declaration or statement expected.
src/app/projects/create/components/steps/file-upload-step.tsx(43,8): error TS1109: Expression expected.
src/app/projects/create/components/steps/file-upload-step.tsx(46,3): error TS1128: Declaration or statement expected.
src/app/projects/create/components/steps/file-upload-step.tsx(46,4): error TS1128: Declaration or statement expected.
src/app/projects/create/components/steps/file-upload-step.tsx(46,8): error TS1005: ';' expected.
src/app/projects/create/components/steps/file-upload-step.tsx(65,14): error TS1005: ',' expected.
src/app/projects/create/components/steps/file-upload-step.tsx(65,62): error TS1005: ',' expected.
src/app/projects/create/components/steps/file-upload-step.tsx(66,13): error TS1005: ':' expected.
src/app/projects/create/components/steps/file-upload-step.tsx(66,73): error TS1005: ',' expected.
src/app/projects/create/components/steps/file-upload-step.tsx(67,14): error TS1005: ',' expected.
src/app/projects/create/components/steps/file-upload-step.tsx(67,50): error TS1005: ',' expected.
src/app/projects/create/components/steps/file-upload-step.tsx(70,12): error TS1359: Identifier expected. 'const' is a reserved word that cannot be used here.
src/app/projects/create/components/steps/file-upload-step.tsx(70,18): error TS1005: ',' expected.
src/app/projects/create/components/steps/file-upload-step.tsx(70,23): error TS1005: ',' expected.
src/app/projects/create/components/steps/file-upload-step.tsx(70,26): error TS1005: ',' expected.
src/app/projects/create/components/steps/file-upload-step.tsx(93,7): error TS1005: ',' expected.
src/app/projects/create/components/steps/file-upload-step.tsx(93,34): error TS1005: ',' expected.
src/app/projects/create/components/steps/file-upload-step.tsx(93,37): error TS1005: ',' expected.
src/app/projects/create/components/steps/file-upload-step.tsx(93,38): error TS1136: Property assignment expected.
src/app/projects/create/components/steps/learning-preferences-step.tsx(209,3): error TS1005: '}' expected.
src/app/projects/create/components/steps/shared/simple-radio-group.tsx(45,3): error TS1005: '}' expected.
src/app/projects/create/components/steps/syllabus-upload-step.tsx(333,14): error TS1005: ':' expected.
src/app/projects/create/components/steps/syllabus-upload-step.tsx(333,74): error TS1005: ',' expected.
src/app/projects/create/components/steps/syllabus-upload-step.tsx(334,15): error TS1005: ',' expected.
src/app/projects/create/components/steps/syllabus-upload-step.tsx(334,51): error TS1005: ',' expected.
src/app/projects/create/components/steps/syllabus-upload-step.tsx(336,23): error TS1359: Identifier expected. 'false' is a reserved word that cannot be used here.
src/app/projects/create/components/steps/syllabus-upload-step.tsx(337,8): error TS1005: ',' expected.
src/app/projects/create/components/steps/syllabus-upload-step.tsx(337,23): error TS1359: Identifier expected. 'true' is a reserved word that cannot be used here.
src/app/projects/create/components/steps/syllabus-upload-step.tsx(338,8): error TS1005: ',' expected.
src/app/projects/create/components/steps/syllabus-upload-step.tsx(339,31): error TS1005: ',' expected.
src/app/projects/create/components/steps/syllabus-upload-step.tsx(342,9): error TS1005: ',' expected.
src/app/projects/create/components/steps/syllabus-upload-step.tsx(350,8): error TS1005: 'try' expected.
src/app/projects/create/components/steps/syllabus-upload-step.tsx(387,4): error TS1128: Declaration or statement expected.
src/app/projects/create/components/steps/syllabus-upload-step.tsx(387,5): error TS1128: Declaration or statement expected.
src/app/projects/create/components/steps/syllabus-upload-step.tsx(387,40): error TS1005: ';' expected.
src/app/projects/create/components/steps/syllabus-upload-step.tsx(445,1): error TS1128: Declaration or statement expected.
src/app/projects/create/components/steps/test-extraction-results-step.tsx(50,1): error TS1131: Property or signature expected.
src/app/projects/create/components/steps/test-extraction-results-step.tsx(384,3): error TS1005: '}' expected.
src/app/projects/create/components/steps/test-timeline-step.tsx(354,3): error TS1005: '}' expected.
src/app/projects/create/components/steps/test-upload-step.tsx(378,19): error TS1005: ',' expected.
src/app/projects/create/components/steps/test-upload-step.tsx(378,42): error TS1005: ',' expected.
src/app/projects/create/components/steps/test-upload-step.tsx(378,76): error TS1005: ';' expected.
src/app/projects/create/components/steps/test-upload-step.tsx(380,19): error TS1128: Declaration or statement expected.
src/app/projects/create/components/steps/test-upload-step.tsx(384,15): error TS1128: Declaration or statement expected.
src/app/projects/create/components/steps/test-upload-step.tsx(390,13): error TS1128: Declaration or statement expected.
src/app/projects/create/components/steps/test-upload-step.tsx(390,15): error TS1005: 'try' expected.
src/app/projects/create/components/steps/test-upload-step.tsx(401,11): error TS1128: Declaration or statement expected.
src/app/projects/create/components/steps/test-upload-step.tsx(418,11): error TS1005: 'try' expected.
src/app/projects/create/components/steps/test-upload-step.tsx(435,7): error TS1128: Declaration or statement expected.
src/app/projects/create/components/steps/test-upload-step.tsx(452,5): error TS1128: Declaration or statement expected.
src/app/projects/create/components/steps/test-upload-step.tsx(452,7): error TS1005: 'try' expected.
src/app/projects/create/components/steps/test-upload-step.tsx(471,3): error TS1128: Declaration or statement expected.
src/app/projects/create/components/steps/test-upload-step.tsx(471,4): error TS1128: Declaration or statement expected.
src/app/projects/create/components/steps/test-upload-step.tsx(471,41): error TS1005: ';' expected.
src/app/projects/create/components/steps/test-upload-step.tsx(551,1): error TS1128: Declaration or statement expected.
src/components/ui/file-upload.tsx(61,6): error TS1005: ';' expected.
src/components/ui/file-upload.tsx(304,3): error TS1005: '}' expected.
src/test-utils/upload-test-helpers.tsx(248,1): error TS1005: '}' expected.
