src/app/projects/[projectId]/mindmaps/concept-3.tsx(634,3): error TS1005: '}' expected.
src/app/projects/[projectId]/mindmaps/page-concept1.tsx(493,3): error TS1005: '}' expected.
src/app/projects/create/components/guided-setup.tsx(807,13): error TS1005: '}' expected.
src/app/projects/create/components/guided-setup.tsx(978,1): error TS1005: '}' expected.
src/app/projects/create/components/project-summary-theme-switcher-backup.tsx(155,9): error TS1005: ':' expected.
src/app/projects/create/components/project-summary-theme-switcher-backup.tsx(155,52): error TS1005: ',' expected.
src/app/projects/create/components/project-summary-theme-switcher-backup.tsx(158,5): error TS1003: Identifier expected.
src/app/projects/create/components/project-summary-theme-switcher-backup.tsx(158,9): error TS1005: ',' expected.
src/app/projects/create/components/project-summary-theme-switcher-backup.tsx(160,12): error TS1005: ',' expected.
src/app/projects/create/components/project-summary-theme-switcher-backup.tsx(197,7): error TS1128: Declaration or statement expected.
src/app/projects/create/components/project-summary-theme-switcher-backup.tsx(200,25): error TS1005: ';' expected.
src/app/projects/create/components/project-summary-theme-switcher-backup.tsx(200,39): error TS1005: ';' expected.
src/app/projects/create/components/project-summary-theme-switcher-backup.tsx(200,56): error TS1109: Expression expected.
src/app/projects/create/components/project-summary-theme-switcher-backup.tsx(201,5): error TS1109: Expression expected.
src/app/projects/create/components/project-summary-theme-switcher-backup.tsx(202,3): error TS1109: Expression expected.
src/app/projects/create/components/project-summary-theme-switcher-backup.tsx(203,3): error TS1128: Declaration or statement expected.
src/app/projects/create/components/project-summary-theme-switcher-backup.tsx(204,1): error TS1128: Declaration or statement expected.
src/app/projects/create/components/steps/test-extraction-results-step.tsx(50,1): error TS1131: Property or signature expected.
src/app/projects/create/components/steps/test-extraction-results-step.tsx(389,1): error TS1128: Declaration or statement expected.
src/app/projects/create/components/steps/test-timeline-step.tsx(359,1): error TS1128: Declaration or statement expected.
src/app/projects/create/components/steps/test-upload-step.tsx(378,19): error TS1005: ',' expected.
src/app/projects/create/components/steps/test-upload-step.tsx(378,42): error TS1005: ',' expected.
src/app/projects/create/components/steps/test-upload-step.tsx(378,76): error TS1005: ';' expected.
src/app/projects/create/components/steps/test-upload-step.tsx(380,19): error TS1128: Declaration or statement expected.
src/app/projects/create/components/steps/test-upload-step.tsx(384,15): error TS1128: Declaration or statement expected.
src/app/projects/create/components/steps/test-upload-step.tsx(390,13): error TS1128: Declaration or statement expected.
src/app/projects/create/components/steps/test-upload-step.tsx(390,15): error TS1005: 'try' expected.
src/app/projects/create/components/steps/test-upload-step.tsx(401,11): error TS1128: Declaration or statement expected.
src/app/projects/create/components/steps/test-upload-step.tsx(418,11): error TS1005: 'try' expected.
src/app/projects/create/components/steps/test-upload-step.tsx(435,7): error TS1128: Declaration or statement expected.
src/app/projects/create/components/steps/test-upload-step.tsx(452,5): error TS1128: Declaration or statement expected.
src/app/projects/create/components/steps/test-upload-step.tsx(452,7): error TS1005: 'try' expected.
src/app/projects/create/components/steps/test-upload-step.tsx(471,3): error TS1128: Declaration or statement expected.
src/app/projects/create/components/steps/test-upload-step.tsx(471,4): error TS1128: Declaration or statement expected.
src/app/projects/create/components/steps/test-upload-step.tsx(471,41): error TS1005: ';' expected.
src/app/projects/create/components/steps/test-upload-step.tsx(551,1): error TS1128: Declaration or statement expected.
src/components/ui/file-upload.tsx(61,6): error TS1005: ';' expected.
src/components/ui/file-upload.tsx(304,3): error TS1005: '}' expected.
src/test-utils/upload-test-helpers.tsx(248,1): error TS1005: '}' expected.
