src/app/projects/[projectId]/mindmaps/concept-3.tsx(634,3): error TS1005
src/app/projects/[projectId]/mindmaps/page-concept1.tsx(493,3): error TS1005
src/app/projects/create/components/guided-setup.tsx(807,13): error TS1005
src/app/projects/create/components/guided-setup.tsx(978,1): error TS1005
src/app/projects/create/components/project-summary-theme-switcher-backup.tsx(155,52): error TS1005
src/app/projects/create/components/project-summary-theme-switcher-backup.tsx(155,9): error TS1005
src/app/projects/create/components/project-summary-theme-switcher-backup.tsx(158,5): error TS1003
src/app/projects/create/components/project-summary-theme-switcher-backup.tsx(158,9): error TS1005
src/app/projects/create/components/project-summary-theme-switcher-backup.tsx(160,12): error TS1005
src/app/projects/create/components/project-summary-theme-switcher-backup.tsx(197,7): error TS1128
src/app/projects/create/components/project-summary-theme-switcher-backup.tsx(200,25): error TS1005
src/app/projects/create/components/project-summary-theme-switcher-backup.tsx(200,39): error TS1005
src/app/projects/create/components/project-summary-theme-switcher-backup.tsx(200,56): error TS1109
src/app/projects/create/components/project-summary-theme-switcher-backup.tsx(201,5): error TS1109
src/app/projects/create/components/project-summary-theme-switcher-backup.tsx(202,3): error TS1109
src/app/projects/create/components/project-summary-theme-switcher-backup.tsx(203,3): error TS1128
src/app/projects/create/components/project-summary-theme-switcher-backup.tsx(204,1): error TS1128
src/app/projects/create/components/project-summary-theme-switcher-backup.tsx(205,1): error TS1128
src/app/projects/create/components/project-summary-variants.tsx(1095,26): error TS1005
src/app/projects/create/components/project-summary.tsx(483,3): error TS1472
src/app/projects/create/components/project-summary.tsx(485,1): error TS1128
src/app/projects/create/components/project-summary.tsx(486,1): error TS1128
src/app/projects/create/components/project-summary.tsx(487,1): error TS1128
src/app/projects/create/components/project-summary.tsx(488,1): error TS1128
src/app/projects/create/components/project-summary.tsx(489,1): error TS1128
src/app/projects/create/components/project-summary.tsx(490,1): error TS1128
src/app/projects/create/components/project-summary.tsx(491,1): error TS1128
src/app/projects/create/components/project-summary.tsx(492,1): error TS1128
src/app/projects/create/components/project-summary.tsx(493,1): error TS1128
src/app/projects/create/components/project-summary.tsx(58,13): error TS1005
src/app/projects/create/components/project-summary.tsx(58,69): error TS1005
src/app/projects/create/components/project-summary.tsx(61,13): error TS1005
src/app/projects/create/components/project-summary.tsx(61,43): error TS1005
src/app/projects/create/components/project-summary.tsx(64,11): error TS1005
src/app/projects/create/components/project-summary.tsx(65,21): error TS1005
src/app/projects/create/components/project-summary.tsx(65,62): error TS1005
src/app/projects/create/components/project-summary.tsx(66,16): error TS1005
src/app/projects/create/components/project-summary.tsx(66,84): error TS1005
src/app/projects/create/components/project-summary.tsx(67,9): error TS1005
src/app/projects/create/components/project-summary.tsx(72,13): error TS1005
src/app/projects/create/components/project-summary.tsx(72,57): error TS1005
src/app/projects/create/components/project-summary.tsx(72,7): error TS1005
src/app/projects/create/components/project-summary.tsx(74,7): error TS1005
src/app/projects/create/components/steps/course-content-upload-step.tsx(279,15): error TS1005
src/app/projects/create/components/steps/course-content-upload-step.tsx(279,20): error TS1005
src/app/projects/create/components/steps/course-content-upload-step.tsx(291,17): error TS1005
src/app/projects/create/components/steps/course-content-upload-step.tsx(291,22): error TS1005
src/app/projects/create/components/steps/course-content-upload-step.tsx(293,15): error TS1005
src/app/projects/create/components/steps/course-content-upload-step.tsx(298,11): error TS1472
src/app/projects/create/components/steps/course-content-upload-step.tsx(300,11): error TS1005
src/app/projects/create/components/steps/course-content-upload-step.tsx(336,4): error TS1128
src/app/projects/create/components/steps/course-content-upload-step.tsx(336,59): error TS1005
src/app/projects/create/components/steps/course-content-upload-step.tsx(370,3): error TS1128
src/app/projects/create/components/steps/syllabus-upload-step.tsx(333,14): error TS1005
src/app/projects/create/components/steps/syllabus-upload-step.tsx(333,74): error TS1005
src/app/projects/create/components/steps/syllabus-upload-step.tsx(334,15): error TS1005
src/app/projects/create/components/steps/syllabus-upload-step.tsx(334,51): error TS1005
src/app/projects/create/components/steps/syllabus-upload-step.tsx(336,23): error TS1359
src/app/projects/create/components/steps/syllabus-upload-step.tsx(337,23): error TS1359
src/app/projects/create/components/steps/syllabus-upload-step.tsx(337,8): error TS1005
src/app/projects/create/components/steps/syllabus-upload-step.tsx(338,8): error TS1005
src/app/projects/create/components/steps/syllabus-upload-step.tsx(339,31): error TS1005
src/app/projects/create/components/steps/syllabus-upload-step.tsx(342,9): error TS1005
src/app/projects/create/components/steps/syllabus-upload-step.tsx(350,8): error TS1005
src/app/projects/create/components/steps/syllabus-upload-step.tsx(387,4): error TS1128
src/app/projects/create/components/steps/syllabus-upload-step.tsx(387,40): error TS1005
src/app/projects/create/components/steps/syllabus-upload-step.tsx(387,5): error TS1128
src/app/projects/create/components/steps/syllabus-upload-step.tsx(445,1): error TS1128
src/app/projects/create/components/steps/test-extraction-results-step.tsx(389,1): error TS1128
src/app/projects/create/components/steps/test-extraction-results-step.tsx(50,1): error TS1131
src/app/projects/create/components/steps/test-timeline-step.tsx(359,1): error TS1128
src/app/projects/create/components/steps/test-upload-step.tsx(378,19): error TS1005
src/app/projects/create/components/steps/test-upload-step.tsx(378,42): error TS1005
src/app/projects/create/components/steps/test-upload-step.tsx(378,76): error TS1005
src/app/projects/create/components/steps/test-upload-step.tsx(380,19): error TS1128
src/app/projects/create/components/steps/test-upload-step.tsx(384,15): error TS1128
src/app/projects/create/components/steps/test-upload-step.tsx(390,13): error TS1128
src/app/projects/create/components/steps/test-upload-step.tsx(390,15): error TS1005
src/app/projects/create/components/steps/test-upload-step.tsx(401,11): error TS1128
src/app/projects/create/components/steps/test-upload-step.tsx(418,11): error TS1005
src/app/projects/create/components/steps/test-upload-step.tsx(435,7): error TS1128
src/app/projects/create/components/steps/test-upload-step.tsx(452,5): error TS1128
src/app/projects/create/components/steps/test-upload-step.tsx(452,7): error TS1005
src/app/projects/create/components/steps/test-upload-step.tsx(471,3): error TS1128
src/app/projects/create/components/steps/test-upload-step.tsx(471,4): error TS1128
src/app/projects/create/components/steps/test-upload-step.tsx(471,41): error TS1005
src/app/projects/create/components/steps/test-upload-step.tsx(551,1): error TS1128
src/components/ui/file-upload.tsx(304,3): error TS1005
src/components/ui/file-upload.tsx(61,6): error TS1005
src/test-utils/upload-test-helpers.tsx(248,1): error TS1005
